[
  {
    "id": 68746,
    "title": null,
    "priority": 20,
    "doc": {
      "relationTo": "prescription",
      "value": 31005
    },
    "name": "丁香散",
    "composition": "丁香5分，干姜5分，白术1钱。",
    "mainIndication": "小儿呕吐，哕逆不止。",
    "effect": "",
    "taste": null,
    "meridian": null,
    "updatedAt": "2025-01-25T15:36:04.030Z",
    "createdAt": "2025-01-25T15:36:04.030Z"
  },
  {
    "id": 68749,
    "title": null,
    "priority": 20,
    "doc": {
      "relationTo": "prescription",
      "value": 31002
    },
    "name": "丁沉四君子汤",
    "composition": "人参、白术（土炒）、茯苓、炙甘草、丁香、沉香。",
    "mainIndication": "一切冷气攻心腹，胁肋胀满刺痛，胸膈噎塞，痰逆恶心，噫气吞酸，不思饮食，胃中冷逆，呕吐不止；及翻胃膈气，宿食留饮，心痛霍乱；妇人血气心腹痛。",
    "effect": "",
    "taste": null,
    "meridian": null,
    "updatedAt": "2025-01-25T15:36:04.030Z",
    "createdAt": "2025-01-25T15:36:04.030Z"
  },
  {
    "id": 68750,
    "title": null,
    "priority": 20,
    "doc": {
      "relationTo": "prescription",
      "value": 31001
    },
    "name": "丁沉丸",
    "composition": "甘草（炙）5两，青皮（去瓤，锉，炒）5两，丁香5两，白豆蔻仁5两，沉香5两，木香5两，槟榔5两，肉豆蔻仁5两，白术（锉，微炒）40两，人参（去芦）10两，茯苓（去皮）10两，诃黎勒（煨，取皮）10两，肉桂（去粗皮）2两半，干姜（炮裂）2两半，麝香（别研）1两。",
    "mainIndication": "胃虚呕吐不止，食不得入。",
    "effect": "",
    "taste": null,
    "meridian": null,
    "updatedAt": "2025-01-25T15:36:04.030Z",
    "createdAt": "2025-01-25T15:36:04.030Z"
  },
  {
    "id": 68751,
    "title": null,
    "priority": 20,
    "doc": {
      "relationTo": "prescription",
      "value": 31000
    },
    "name": "丁香安胃汤",
    "composition": "丁香4分，人参5分，白术5分，茯苓1钱，甘草5分，陈皮1钱，半夏1钱，藿香1钱。",
    "mainIndication": "马脾风，肺胀喘满，胸高气急，两胁扇动，陷下作坑，鼻窍张扇，咳嗽声哑，痰涎潮塞，身生油斑。",
    "effect": "",
    "taste": null,
    "meridian": null,
    "updatedAt": "2025-01-25T15:36:04.030Z",
    "createdAt": "2025-01-25T15:36:04.030Z"
  },
  {
    "id": 68756,
    "title": null,
    "priority": 20,
    "doc": {
      "relationTo": "prescription",
      "value": 30995
    },
    "name": "一得散",
    "composition": "白术4两。",
    "mainIndication": "小儿胃虚，气逆呕吐，泄泻，烦渴欲饮，精神昏困。",
    "effect": "",
    "taste": null,
    "meridian": null,
    "updatedAt": "2025-01-25T15:36:04.030Z",
    "createdAt": "2025-01-25T15:36:04.030Z"
  },
  {
    "id": 68758,
    "title": null,
    "priority": 20,
    "doc": {
      "relationTo": "prescription",
      "value": 30993
    },
    "name": "丁香白术饮",
    "composition": "丁香半两，白术1两，白芍药1两半，桂（去粗皮）1两半，高良姜1两半，白豆蔻（去皮）1两半，陈橘皮（汤浸，去白，焙）1两半，干姜（炮）1两半，桔梗（炒）1两半，苍术（汤浸，去皮，焙）3两，丁香皮1两，厚朴（去粗皮，生姜汁炙透）1两，乌头（炮裂，去皮脐）1两。",
    "mainIndication": "腹痛泄泻。",
    "effect": "理一切气，温和脾胃，大进饮食。",
    "taste": null,
    "meridian": null,
    "updatedAt": "2025-01-25T15:36:04.030Z",
    "createdAt": "2025-01-25T15:36:04.030Z"
  },
  {
    "id": 68759,
    "title": null,
    "priority": 20,
    "doc": {
      "relationTo": "prescription",
      "value": 30992
    },
    "name": "丁香平胃散",
    "composition": "厚朴（去粗皮，生姜汁制）6两，白术6两，甘草（炙）2两半，陈橘皮（去白）2两半，缩砂仁2两，丁香2两。",
    "mainIndication": "胃寒呕吐哕。",
    "effect": "",
    "taste": null,
    "meridian": null,
    "updatedAt": "2025-01-25T15:36:04.030Z",
    "createdAt": "2025-01-25T15:36:04.030Z"
  },
  {
    "id": 68771,
    "title": null,
    "priority": 20,
    "doc": {
      "relationTo": "prescription",
      "value": 30980
    },
    "name": "丁附治中汤",
    "composition": "人参5分，白术1钱，干姜1钱，陈皮1钱，青皮1钱，厚朴1钱，白芷1钱，丁香5分，炙草3分，附片3分。",
    "mainIndication": "胃冷停痰，呕吐不已。",
    "effect": "",
    "taste": null,
    "meridian": null,
    "updatedAt": "2025-01-25T15:36:04.030Z",
    "createdAt": "2025-01-25T15:36:04.030Z"
  },
  {
    "id": 68772,
    "title": null,
    "priority": 20,
    "doc": {
      "relationTo": "prescription",
      "value": 30979
    },
    "name": "丁附治中汤",
    "composition": "丁香半两，甘草（炙）半两，青皮（炒）半两，陈皮（炒）半两，人参半两，附子（炮）1两，白术（煨）1两，干姜（煨）1两。",
    "mainIndication": "伤寒已经三日，头痛，壮热不解，咳嗽痰逆。",
    "effect": "",
    "taste": null,
    "meridian": null,
    "updatedAt": "2025-01-25T15:36:04.030Z",
    "createdAt": "2025-01-25T15:36:04.030Z"
  },
  {
    "id": 68773,
    "title": null,
    "priority": 20,
    "doc": {
      "relationTo": "prescription",
      "value": 30978
    },
    "name": "丁香散",
    "composition": "丁香1两，前胡1两，附子1两（炮裂，去皮脐），麻黄2两（去根节），白术1两，细辛1两，桂心1两，甘草1两（炙微赤，锉）。",
    "mainIndication": "妇人脏腑虚冷，脾胃气弱，食即呕吐，水谷不消。",
    "effect": "",
    "taste": null,
    "meridian": null,
    "updatedAt": "2025-01-25T15:36:04.030Z",
    "createdAt": "2025-01-25T15:36:04.030Z"
  },
  {
    "id": 68774,
    "title": null,
    "priority": 20,
    "doc": {
      "relationTo": "prescription",
      "value": 30977
    },
    "name": "丁香散",
    "composition": "丁香3分，白术3分，人参1两（去芦头），当归半两（锉，微炒），肉豆蔻半两（去壳），缩砂3分（去皮），藿香半两，诃黎勒皮半两，草豆蔻3分（去皮），陈橘皮3分（汤浸，去白瓤，焙），神曲半两（微炒），甘草半两（炙微赤，锉）。",
    "mainIndication": "脾胃虚冷，呕吐不止。",
    "effect": "",
    "taste": null,
    "meridian": null,
    "updatedAt": "2025-01-25T15:36:04.030Z",
    "createdAt": "2025-01-25T15:36:04.030Z"
  },
  {
    "id": 68787,
    "title": null,
    "priority": 20,
    "doc": {
      "relationTo": "prescription",
      "value": 30964
    },
    "name": "一味竹茹汤",
    "composition": "人参1两，白术1两，麦门冬1两，橘红1两，厚朴（去皮，姜汁制）半两，赤茯苓半两，炙甘草1分，淡竹茹1团如弹子大。",
    "mainIndication": "妊娠体困肢懒，或眩晕嗜卧，恶心呕吐，浆粥不入，甚至恶寒发热者。",
    "effect": "",
    "taste": null,
    "meridian": null,
    "updatedAt": "2025-01-25T15:36:04.030Z",
    "createdAt": "2025-01-25T15:36:04.030Z"
  },
  {
    "id": 68788,
    "title": null,
    "priority": 20,
    "doc": {
      "relationTo": "prescription",
      "value": 30963
    },
    "name": "丁术汤",
    "composition": "丁香、白术、人参、甘草。",
    "mainIndication": "脾肾虚寒，不时易泻，腹痛，阳痿，怯寒。",
    "effect": "",
    "taste": null,
    "meridian": null,
    "updatedAt": "2025-01-25T15:36:04.030Z",
    "createdAt": "2025-01-25T15:36:04.030Z"
  },
  {
    "id": 68790,
    "title": null,
    "priority": 20,
    "doc": {
      "relationTo": "prescription",
      "value": 30961
    },
    "name": "丁香散",
    "composition": "丁香半两，桔梗半两（去芦头），人参半两（去芦头），白术半两，厚朴半两（去粗皮，涂生姜汁，炙令香熟），甘草1分（炙微赤，锉）。",
    "mainIndication": "小儿霍乱吐泻，心腹痛不止。",
    "effect": "",
    "taste": null,
    "meridian": null,
    "updatedAt": "2025-01-25T15:36:04.030Z",
    "createdAt": "2025-01-25T15:36:04.030Z"
  },
  {
    "id": 68792,
    "title": null,
    "priority": 20,
    "doc": {
      "relationTo": "prescription",
      "value": 30959
    },
    "name": "丁香和胃丸",
    "composition": "丁香半两，木香半两，沉香半两，藿香叶1两，白茯苓（去皮）1两，白豆蔻仁1两，陈皮（去白）1两，白术1两，人参1两，半夏（姜制）3两。",
    "mainIndication": "暴嗽。天行咳嗽，痰盛寒热，或鼻塞声重。",
    "effect": "",
    "taste": null,
    "meridian": null,
    "updatedAt": "2025-01-25T15:36:04.030Z",
    "createdAt": "2025-01-25T15:36:04.030Z"
  },
  {
    "id": 68797,
    "title": null,
    "priority": 20,
    "doc": {
      "relationTo": "prescription",
      "value": 30954
    },
    "name": "丁香散",
    "composition": "丁香半两，白术3分，桂心1两，陈橘皮1两（汤浸，去白瓤，焙），半夏半两（汤洗7遍去滑），枳壳半两（麸炒微黄，去瓤），藿香半两，人参3分（去芦头），赤茯苓3分，干姜半两（炮裂，锉），诃黎勒皮2两，甘草1分（炙微赤，锉），厚朴1两半（去粗皮，涂生姜汁，炙令香熟）。",
    "mainIndication": "胃寒呕吐涎沫。",
    "effect": "",
    "taste": null,
    "meridian": null,
    "updatedAt": "2025-01-25T15:36:04.030Z",
    "createdAt": "2025-01-25T15:36:04.030Z"
  },
  {
    "id": 68798,
    "title": null,
    "priority": 20,
    "doc": {
      "relationTo": "prescription",
      "value": 30953
    },
    "name": "丁香温气汤",
    "composition": "丁香1两，吴茱萸（汤浸，微炒）1两，桂心（去粗皮）1两，附子（炮，去皮脐）2两，黄耆（去芦）2两，白茯苓2两，人参（去芦头）1两半，半夏（沸汤泡7次）1两半，良姜1两半，白术1两半，甘草7钱（炙），诃子（面煨，去核）3分，沉香少许。",
    "mainIndication": "脾胃不和，呕吐不已。",
    "effect": "",
    "taste": null,
    "meridian": null,
    "updatedAt": "2025-01-25T15:36:04.030Z",
    "createdAt": "2025-01-25T15:36:04.030Z"
  },
  {
    "id": 68799,
    "title": null,
    "priority": 20,
    "doc": {
      "relationTo": "prescription",
      "value": 30952
    },
    "name": "丁香温中汤",
    "composition": "人参（去芦）、甘草（炒）、干姜（炮）、白术（锉）、青皮（炒）、陈皮（洗，去皮）、半夏各等分，丁香减半。",
    "mainIndication": "小儿胃气虚寒，心腹胀满，哕逆呕吐，昏困少力，及泄泻无度。",
    "effect": "",
    "taste": null,
    "meridian": null,
    "updatedAt": "2025-01-25T15:36:04.030Z",
    "createdAt": "2025-01-25T15:36:04.030Z"
  },
  {
    "id": 68799,
    "title": null,
    "priority": 20,
    "doc": {
      "relationTo": "prescription",
      "value": 30952
    },
    "name": "丁香温中汤",
    "composition": "人参（去芦）、甘草（炒）、干姜（炮）、白术（锉）、青皮（炒）、陈皮（洗，去皮）、半夏各等分，丁香减半。",
    "mainIndication": "小儿胃气虚寒，心腹胀满，哕逆呕吐，昏困少力，及泄泻无度。",
    "effect": "",
    "taste": null,
    "meridian": null,
    "updatedAt": "2025-01-25T15:36:04.030Z",
    "createdAt": "2025-01-25T15:36:04.030Z"
  },
  {
    "id": 68801,
    "title": null,
    "priority": 20,
    "doc": {
      "relationTo": "prescription",
      "value": 30950
    },
    "name": "丁香饼子",
    "composition": "丁香1两，木香1两，白豆蔻半两，半夏曲半两，神曲半两，白术1两半，白姜1两半，陈皮1两半，人参3钱，荜澄茄3钱，肉豆蔻半两，甘草2钱。",
    "mainIndication": "疸证发热，诸热，肝血肺气交热之证。",
    "effect": "",
    "taste": null,
    "meridian": null,
    "updatedAt": "2025-01-25T15:36:04.030Z",
    "createdAt": "2025-01-25T15:36:04.030Z"
  },
  {
    "id": 68804,
    "title": null,
    "priority": 20,
    "doc": {
      "relationTo": "prescription",
      "value": 30947
    },
    "name": "丁香温中丸",
    "composition": "人参半两，白术半两，甘草半两，干姜（炮）半两，熟附子1分，丁香1分。",
    "mainIndication": "小儿呕吐不定。",
    "effect": "",
    "taste": null,
    "meridian": null,
    "updatedAt": "2025-01-25T15:36:04.030Z",
    "createdAt": "2025-01-25T15:36:04.030Z"
  },
  {
    "id": 68807,
    "title": null,
    "priority": 20,
    "doc": {
      "relationTo": "prescription",
      "value": 30944
    },
    "name": "丁香散",
    "composition": "丁香1分，厚朴半两（去粗皮，涂生姜汁，炙令香熟），人参半两（去芦头），白术半两，当归1分（锉，微炒），草豆蔻半两（去壳），白石脂1两。",
    "mainIndication": "产后败血冲心，发热，妄言奔走，心神闷乱，或中风痰或躁烦，或血瘀元虚,脉虚大者。",
    "effect": "",
    "taste": null,
    "meridian": null,
    "updatedAt": "2025-01-25T15:36:04.030Z",
    "createdAt": "2025-01-25T15:36:04.030Z"
  },
  {
    "id": 68867,
    "title": null,
    "priority": 20,
    "doc": {
      "relationTo": "prescription",
      "value": 30884
    },
    "name": "丁香半夏汤",
    "composition": "丁香（炒）半两，木香（炮）半两，半夏（生姜汁拌炒）半两，人参2两，白术（锉）2两，桔梗（炒）2两，白豆蔻（去皮）2两，陈橘皮（汤浸，去白，焙）2两，甘草（炙）2两，槟榔（锉）2两，前胡（去苗，锉，炒）2两，赤茯苓（去黑皮）2两。",
    "mainIndication": "顿嗽，咳嗽接连四五十声者。",
    "effect": "",
    "taste": null,
    "meridian": null,
    "updatedAt": "2025-01-25T15:36:04.030Z",
    "createdAt": "2025-01-25T15:36:04.030Z"
  },
  {
    "id": 68882,
    "title": null,
    "priority": 20,
    "doc": {
      "relationTo": "prescription",
      "value": 30869
    },
    "name": "丁香丸",
    "composition": "丁香半两，诃黎勒1两（煨，用皮），附子1两（炮裂，去皮脐），藿香半两，草豆蔻1两（去皮），荜茇3分，陈橘皮1两（汤浸，去白瓤，焙），人参1两（去芦头），白茯苓3分，桂心3分，白术1分，甘草1分（炙微赤，锉），高良姜1两（锉）。",
    "mainIndication": "阴虚外感，内兼火邪，寒热往来，口中燥渴，妇人热入血室，及时感后阴虚而有潮热者。凡感四时不正之气，或为发热，或为寒热，或因劳因怒，或妇人热入血室，或产后、经后因冒风寒，以致寒热如疟等证，但外有邪而内兼火者。时感后阴虚未复，余邪潮热。四时不正之气，内外俱有火证而疟邪不散。肝燥胃渴。",
    "effect": "",
    "taste": null,
    "meridian": null,
    "updatedAt": "2025-01-25T15:36:04.030Z",
    "createdAt": "2025-01-25T15:36:04.030Z"
  },
  {
    "id": 68884,
    "title": null,
    "priority": 20,
    "doc": {
      "relationTo": "prescription",
      "value": 30867
    },
    "name": "二陈汤",
    "composition": "人参、白术、甘草（炙）、干姜（炮）、青皮、陈皮各等分。",
    "mainIndication": "因痰成疟。寒热似疟，发时胸前或满，或热，或嘈，或痛，或恶心呕吐者。",
    "effect": "",
    "taste": null,
    "meridian": null,
    "updatedAt": "2025-01-25T15:36:04.030Z",
    "createdAt": "2025-01-25T15:36:04.030Z"
  },
  {
    "id": 68889,
    "title": null,
    "priority": 20,
    "doc": {
      "relationTo": "prescription",
      "value": 30862
    },
    "name": "二陈理中汤",
    "composition": "人参、白术、陈皮、白茯苓、半夏。",
    "mainIndication": "少小、新生中风。",
    "effect": "",
    "taste": null,
    "meridian": null,
    "updatedAt": "2025-01-25T15:36:04.030Z",
    "createdAt": "2025-01-25T15:36:04.030Z"
  },
  {
    "id": 68900,
    "title": null,
    "priority": 20,
    "doc": {
      "relationTo": "prescription",
      "value": 30851
    },
    "name": "二陈汤",
    "composition": "陈皮、半夏（姜炒）、茯苓（去皮）、甘草、加人参、白术、竹茹、砂仁、山栀（炒）、麦门冬（去心）各等分，乌梅1个。",
    "mainIndication": "湿痰为患，脾胃不和。胸膈痞闷，呕吐恶心，头痛眩晕，心悸嘈杂，或咳嗽痰多者。痰饮为患，或呕吐恶心，或头眩心悸，或中脘不快，或发为寒热，或因食生冷，脾胃不和。妊娠恶阻，产后饮食不进。气郁痰多眩晕，及酒食所伤眩晕；食疟，诸疟。咳嗽呕痰；痰壅吐食。臀痈，流注。中风风盛痰壅。上中下一身之痰。疡痈，中脘停痰。痰多小便不通，用此探吐。痰嘈，痰多气滞，似饥非饥，不喜食者，或兼恶心，脉象必滑；呃有痰声而脉滑者。肥盛之人，湿痰为患，喘嗽，胀满。心痛，腹痛；膏粱太过，脾胃湿热遗精；脾胃湿痰下注而淋。妇人月水准信，因痰闭子宫而不受胎者。子眩。",
    "effect": "燥湿化痰，理气和中。去痰和中。和中理气，健脾胃，消痰，进饮食。健脾燥湿，顺气和中化痰，安胃气，降逆气。",
    "taste": null,
    "meridian": null,
    "updatedAt": "2025-01-25T15:36:04.030Z",
    "createdAt": "2025-01-25T15:36:04.030Z"
  },
  {
    "id": 68911,
    "title": null,
    "priority": 20,
    "doc": {
      "relationTo": "prescription",
      "value": 30840
    },
    "name": "丁香透膈汤",
    "composition": "人参1钱，白术1钱，陈皮6分，半夏（制）6分，厚朴（制）6分，甘草（炙）6分，藿香3分，砂仁（炒，研）3分，肉豆蔻（面包煨）3分，白豆蔻3分，丁香3分，木香3分，香附子（炒）3分，沉香3分，草果3粒，神曲（炒）5分，青皮5分，麦芽5分。",
    "mainIndication": "脾胃不和，痰逆恶心呕吐，饮食不进，十膈五噎，痞塞不通。",
    "effect": "",
    "taste": null,
    "meridian": null,
    "updatedAt": "2025-01-25T15:36:04.030Z",
    "createdAt": "2025-01-25T15:36:04.030Z"
  },
  {
    "id": 68912,
    "title": null,
    "priority": 20,
    "doc": {
      "relationTo": "prescription",
      "value": 30839
    },
    "name": "丁香透膈汤",
    "composition": "丁香2分半，木香2分半，麦芽2分半，青皮2分半，肉豆蔻2分半，白豆蔻2分半，沉香3分，藿香3分，陈皮3分，厚朴3分，甘草7分半，草果1分半，神曲1分半，半夏1分半，人参5分，茯苓5分，砂仁5分，香附5分，白术1钱。",
    "mainIndication": "十膈五噎，腹内久积气块，伤力呕吐膨胀；兼治小儿惊风痰响，上窜天钓，吐痰即愈；又治中风不语。",
    "effect": "",
    "taste": null,
    "meridian": null,
    "updatedAt": "2025-01-25T15:36:04.030Z",
    "createdAt": "2025-01-25T15:36:04.030Z"
  },
  {
    "id": 68928,
    "title": null,
    "priority": 20,
    "doc": {
      "relationTo": "prescription",
      "value": 30823
    },
    "name": "七宝汤",
    "composition": "附子（大者。炮裂，汤泡，去皮脐，锉碎）4两，人参（去芦，洗净，切片，焙）2两，干山药（去黑皮）1两，白术（去芦，洗净，锉，焙）1两半，干姜（川者，炮裂，洗净，锉，焙）1两，木香（湿纸裹，煨，锉碎）1两，肉豆蔻（炮裂，洗净，锉碎）1两。",
    "mainIndication": "诸般咳嗽。",
    "effect": "",
    "taste": null,
    "meridian": null,
    "updatedAt": "2025-01-25T15:36:04.030Z",
    "createdAt": "2025-01-25T15:36:04.030Z"
  },
  {
    "id": 68937,
    "title": null,
    "priority": 20,
    "doc": {
      "relationTo": "prescription",
      "value": 30814
    },
    "name": "七宝汤",
    "composition": "半夏半两（生姜汁浸透，切，炒），大腹皮（锉）1两，甘草（炙）1两，草豆蔻（去皮）1两，诃黎勒（炮，去核）1两，白术1两，郁李仁（去皮）1分，木香半两，干蝎（去土，炒）半两，人参1两，白茯苓（去黑皮）1两，芎1两。",
    "mainIndication": "积年久损，入经络，服药无效，腰背拘急，咳嗽痰涎，风劳发动，日渐羸瘦，每到秋来，损病复作。",
    "effect": "",
    "taste": null,
    "meridian": null,
    "updatedAt": "2025-01-25T15:36:04.030Z",
    "createdAt": "2025-01-25T15:36:04.030Z"
  },
  {
    "id": 68948,
    "title": null,
    "priority": 20,
    "doc": {
      "relationTo": "prescription",
      "value": 30803
    },
    "name": "人参散",
    "composition": "人参1两（去芦头），槟榔1两，高良姜半两（锉），陈橘皮2两（汤浸，去白瓤，焙），荜茇1两，白术1两。",
    "mainIndication": "七疝。腹中有大疾，厥逆心痛，足寒冷，食吐不下，名曰厥疝；腹中气满，心下尽痛，气积大如臂，名曰僻疝；寒饮食即胁下腹中尽痛，名曰寒疝；腹中乍满乍减而痛，名曰气疝；腹中痛，在脐左旁，名曰盘疝；腹痛，脐右下有积聚，名曰附疝；腹与阴相引而痛，大行难，名曰狼疝。",
    "effect": "",
    "taste": null,
    "meridian": null,
    "updatedAt": "2025-01-25T15:36:04.030Z",
    "createdAt": "2025-01-25T15:36:04.030Z"
  },
  {
    "id": 68963,
    "title": null,
    "priority": 20,
    "doc": {
      "relationTo": "prescription",
      "value": 30788
    },
    "name": "人参顺气散",
    "composition": "川芎1两，桔梗1两，白术1两，白芷1两，陈皮1两，枳壳（炒）1两，甘草1两（炒），麻黄（去节）1两半，天台乌药（去心）1两半，人参半两，白姜（炮）半两。",
    "mainIndication": "四时伤寒，头痛壮热，项背拘急，骨节烦疼，憎寒恶风，肢体困倦，大便不调，小便赤涩，呕逆烦渴；或伤风感寒，头痛体热，鼻塞声重，咳嗽痰涎；或山岚瘴气，时行疫疠，潮热往来；或疗五劳七伤，中脘气滞，心腹痞闷，停痰呕逆，冷气奔冲，攻注刺痛；妇人血气撮痛，经候不调。",
    "effect": "",
    "taste": null,
    "meridian": null,
    "updatedAt": "2025-01-25T15:36:04.030Z",
    "createdAt": "2025-01-25T15:36:04.030Z"
  }
]